<?xml version="1.0" encoding="UTF-8"?>
<!-- Generated by org.testng.reporters.JUnitReportReporter -->
<testsuite skipped="0" hostname="LAPTOP-CTO6KOJG" name="com.susheel.listeners.ListenersClass" tests="7" failures="0" timestamp="06 Oct 2021 14:20:55 GMT" time="32.680" errors="0">
  <testcase name="logInPage" time="22.685" classname="com.susheel.listeners.ListenersClass"/>
  <testcase name="validateUser" time="5.055" classname="com.susheel.listeners.ListenersClass"/>
  <testcase name="clickOnLaptops" time="0.053" classname="com.susheel.listeners.ListenersClass"/>
  <testcase name="selectAnyLaptop" time="0.464" classname="com.susheel.listeners.ListenersClass"/>
  <testcase name="validateAndAddLaptopToCart" time="0.594" classname="com.susheel.listeners.ListenersClass"/>
  <testcase name="placingOrder" time="0.097" classname="com.susheel.listeners.ListenersClass"/>
  <testcase name="placingOrder_customerDetails" time="3.732" classname="com.susheel.listeners.ListenersClass"/>
</testsuite> <!-- com.susheel.listeners.ListenersClass -->
